Info: Starting: Create block symbol file (.bsf)
Info: qsys-generate C:\Users\kerry\repos\l2b-34-elur\DE1_SOC_D8M_RTL\nios2_system.qsys --block-symbol-file --output-directory=C:\Users\kerry\repos\l2b-34-elur\DE1_SOC_D8M_RTL\nios2_system --family="Cyclone V" --part=5CSEMA5F31C6
Progress: Loading DE1_SOC_D8M_RTL/nios2_system.qsys
Progress: Reading input file
Progress: Adding clk_0 [clock_source 18.1]
Progress: Parameterizing module clk_0
Progress: Adding coords_slave_0 [coords_slave 1.0]
Progress: Parameterizing module coords_slave_0
Progress: Adding jtag_uart_0 [altera_avalon_jtag_uart 18.1]
Progress: Parameterizing module jtag_uart_0
Progress: Adding nios2_gen2_0 [altera_nios2_gen2 18.1]
Progress: Parameterizing module nios2_gen2_0
Progress: Adding onchip_memory2_0 [altera_avalon_onchip_memory2 18.1]
Progress: Parameterizing module onchip_memory2_0
Progress: Adding uart_0 [altera_avalon_uart 18.1]
Progress: Parameterizing module uart_0
Progress: Building connections
Progress: Parameterizing connections
Progress: Validating
Progress: Done reading input file
Info: nios2_system.jtag_uart_0: JTAG UART IP input clock need to be at least double (2x) the operating frequency of JTAG TCK on board
Info: qsys-generate succeeded.
Info: Finished: Create block symbol file (.bsf)
Info: 
Info: Starting: Create HDL design files for synthesis
Info: qsys-generate C:\Users\kerry\repos\l2b-34-elur\DE1_SOC_D8M_RTL\nios2_system.qsys --synthesis=VERILOG --output-directory=C:\Users\kerry\repos\l2b-34-elur\DE1_SOC_D8M_RTL\nios2_system\synthesis --family="Cyclone V" --part=5CSEMA5F31C6
Progress: Loading DE1_SOC_D8M_RTL/nios2_system.qsys
Progress: Reading input file
Progress: Adding clk_0 [clock_source 18.1]
Progress: Parameterizing module clk_0
Progress: Adding coords_slave_0 [coords_slave 1.0]
Progress: Parameterizing module coords_slave_0
Progress: Adding jtag_uart_0 [altera_avalon_jtag_uart 18.1]
Progress: Parameterizing module jtag_uart_0
Progress: Adding nios2_gen2_0 [altera_nios2_gen2 18.1]
Progress: Parameterizing module nios2_gen2_0
Progress: Adding onchip_memory2_0 [altera_avalon_onchip_memory2 18.1]
Progress: Parameterizing module onchip_memory2_0
Progress: Adding uart_0 [altera_avalon_uart 18.1]
Progress: Parameterizing module uart_0
Progress: Building connections
Progress: Parameterizing connections
Progress: Validating
Progress: Done reading input file
Info: nios2_system.jtag_uart_0: JTAG UART IP input clock need to be at least double (2x) the operating frequency of JTAG TCK on board
Info: nios2_system: Generating nios2_system "nios2_system" for QUARTUS_SYNTH
Info: coords_slave_0: "nios2_system" instantiated coords_slave "coords_slave_0"
Info: jtag_uart_0: Starting RTL generation for module 'nios2_system_jtag_uart_0'
Info: jtag_uart_0:   Generation command is [exec C:/intelfpga_lite/18.1/quartus/bin64/perl/bin/perl.exe -I C:/intelfpga_lite/18.1/quartus/bin64/perl/lib -I C:/intelfpga_lite/18.1/quartus/sopc_builder/bin/europa -I C:/intelfpga_lite/18.1/quartus/sopc_builder/bin/perl_lib -I C:/intelfpga_lite/18.1/quartus/sopc_builder/bin -I C:/intelfpga_lite/18.1/quartus/../ip/altera/sopc_builder_ip/common -I C:/intelfpga_lite/18.1/quartus/../ip/altera/sopc_builder_ip/altera_avalon_jtag_uart -- C:/intelfpga_lite/18.1/quartus/../ip/altera/sopc_builder_ip/altera_avalon_jtag_uart/generate_rtl.pl --name=nios2_system_jtag_uart_0 --dir=C:/Users/kerry/AppData/Local/Temp/alt9437_6133810418296293599.dir/0055_jtag_uart_0_gen/ --quartus_dir=C:/intelfpga_lite/18.1/quartus --verilog --config=C:/Users/kerry/AppData/Local/Temp/alt9437_6133810418296293599.dir/0055_jtag_uart_0_gen//nios2_system_jtag_uart_0_component_configuration.pl  --do_build_sim=0  ]
Info: jtag_uart_0: Done RTL generation for module 'nios2_system_jtag_uart_0'
Info: jtag_uart_0: "nios2_system" instantiated altera_avalon_jtag_uart "jtag_uart_0"
Info: nios2_gen2_0: "nios2_system" instantiated altera_nios2_gen2 "nios2_gen2_0"
Info: onchip_memory2_0: Starting RTL generation for module 'nios2_system_onchip_memory2_0'
Info: onchip_memory2_0:   Generation command is [exec C:/intelfpga_lite/18.1/quartus/bin64/perl/bin/perl.exe -I C:/intelfpga_lite/18.1/quartus/bin64/perl/lib -I C:/intelfpga_lite/18.1/quartus/sopc_builder/bin/europa -I C:/intelfpga_lite/18.1/quartus/sopc_builder/bin/perl_lib -I C:/intelfpga_lite/18.1/quartus/sopc_builder/bin -I C:/intelfpga_lite/18.1/quartus/../ip/altera/sopc_builder_ip/common -I C:/intelfpga_lite/18.1/quartus/../ip/altera/sopc_builder_ip/altera_avalon_onchip_memory2 -- C:/intelfpga_lite/18.1/quartus/../ip/altera/sopc_builder_ip/altera_avalon_onchip_memory2/generate_rtl.pl --name=nios2_system_onchip_memory2_0 --dir=C:/Users/kerry/AppData/Local/Temp/alt9437_6133810418296293599.dir/0056_onchip_memory2_0_gen/ --quartus_dir=C:/intelfpga_lite/18.1/quartus --verilog --config=C:/Users/kerry/AppData/Local/Temp/alt9437_6133810418296293599.dir/0056_onchip_memory2_0_gen//nios2_system_onchip_memory2_0_component_configuration.pl  --do_build_sim=0  ]
Info: onchip_memory2_0: Done RTL generation for module 'nios2_system_onchip_memory2_0'
Info: onchip_memory2_0: "nios2_system" instantiated altera_avalon_onchip_memory2 "onchip_memory2_0"
Info: uart_0: Starting RTL generation for module 'nios2_system_uart_0'
Info: uart_0:   Generation command is [exec C:/intelfpga_lite/18.1/quartus/bin64/perl/bin/perl.exe -I C:/intelfpga_lite/18.1/quartus/bin64/perl/lib -I C:/intelfpga_lite/18.1/quartus/sopc_builder/bin/europa -I C:/intelfpga_lite/18.1/quartus/sopc_builder/bin/perl_lib -I C:/intelfpga_lite/18.1/quartus/sopc_builder/bin -I C:/intelfpga_lite/18.1/quartus/../ip/altera/sopc_builder_ip/common -I C:/intelfpga_lite/18.1/quartus/../ip/altera/sopc_builder_ip/altera_avalon_uart -- C:/intelfpga_lite/18.1/quartus/../ip/altera/sopc_builder_ip/altera_avalon_uart/generate_rtl.pl --name=nios2_system_uart_0 --dir=C:/Users/kerry/AppData/Local/Temp/alt9437_6133810418296293599.dir/0057_uart_0_gen/ --quartus_dir=C:/intelfpga_lite/18.1/quartus --verilog --config=C:/Users/kerry/AppData/Local/Temp/alt9437_6133810418296293599.dir/0057_uart_0_gen//nios2_system_uart_0_component_configuration.pl  --do_build_sim=0  ]
Info: uart_0: Done RTL generation for module 'nios2_system_uart_0'
Info: uart_0: "nios2_system" instantiated altera_avalon_uart "uart_0"
Info: avalon_st_adapter: Inserting error_adapter: error_adapter_0
Info: avalon_st_adapter_001: Inserting error_adapter: error_adapter_0
Info: avalon_st_adapter_002: Inserting error_adapter: error_adapter_0
Info: avalon_st_adapter_003: Inserting error_adapter: error_adapter_0
Info: avalon_st_adapter_004: Inserting error_adapter: error_adapter_0
Info: mm_interconnect_0: "nios2_system" instantiated altera_mm_interconnect "mm_interconnect_0"
Info: irq_mapper: "nios2_system" instantiated altera_irq_mapper "irq_mapper"
Info: rst_controller: "nios2_system" instantiated altera_reset_controller "rst_controller"
Info: cpu: Starting RTL generation for module 'nios2_system_nios2_gen2_0_cpu'
Info: cpu:   Generation command is [exec C:/intelFPGA_lite/18.1/quartus/bin64//eperlcmd.exe -I C:/intelFPGA_lite/18.1/quartus/bin64//perl/lib -I C:/intelfpga_lite/18.1/quartus/sopc_builder/bin/europa -I C:/intelfpga_lite/18.1/quartus/sopc_builder/bin/perl_lib -I C:/intelfpga_lite/18.1/quartus/sopc_builder/bin -I C:/intelfpga_lite/18.1/quartus/../ip/altera/nios2_ip/altera_nios2_gen2/cpu_lib -I C:/intelfpga_lite/18.1/quartus/../ip/altera/nios2_ip/altera_nios2_gen2/nios_lib -I C:/intelfpga_lite/18.1/quartus/../ip/altera/nios2_ip/altera_nios2_gen2 -I C:/intelfpga_lite/18.1/quartus/../ip/altera/nios2_ip/altera_nios2_gen2 -- C:/intelfpga_lite/18.1/quartus/../ip/altera/nios2_ip/altera_nios2_gen2/generate_rtl.epl --name=nios2_system_nios2_gen2_0_cpu --dir=C:/Users/kerry/AppData/Local/Temp/alt9437_6133810418296293599.dir/0060_cpu_gen/ --quartus_bindir=C:/intelFPGA_lite/18.1/quartus/bin64/ --verilog --config=C:/Users/kerry/AppData/Local/Temp/alt9437_6133810418296293599.dir/0060_cpu_gen//nios2_system_nios2_gen2_0_cpu_processor_configuration.pl  --do_build_sim=0  ]
Info: cpu: # 2023.03.21 12:36:44 (*) Starting Nios II generation
Info: cpu: # 2023.03.21 12:36:44 (*)   Checking for plaintext license.
Info: cpu: # 2023.03.21 12:36:45 (*)   Couldn't query license setup in Quartus directory C:/intelFPGA_lite/18.1/quartus/bin64/
Info: cpu: # 2023.03.21 12:36:45 (*)   Defaulting to contents of LM_LICENSE_FILE environment variable
Info: cpu: # 2023.03.21 12:36:45 (*)   LM_LICENSE_FILE environment variable is empty
Info: cpu: # 2023.03.21 12:36:45 (*)   Plaintext license not found.
Info: cpu: # 2023.03.21 12:36:45 (*)   No license required to generate encrypted Nios II/e.
Info: cpu: # 2023.03.21 12:36:45 (*)   Elaborating CPU configuration settings
Info: cpu: # 2023.03.21 12:36:45 (*)   Creating all objects for CPU
Info: cpu: # 2023.03.21 12:36:46 (*)   Generating RTL from CPU objects
Info: cpu: # 2023.03.21 12:36:46 (*)   Creating plain-text RTL
Info: cpu: # 2023.03.21 12:36:47 (*) Done Nios II generation
Info: cpu: Done RTL generation for module 'nios2_system_nios2_gen2_0_cpu'
Info: cpu: "nios2_gen2_0" instantiated altera_nios2_gen2_unit "cpu"
Info: nios2_gen2_0_data_master_translator: "mm_interconnect_0" instantiated altera_merlin_master_translator "nios2_gen2_0_data_master_translator"
Info: jtag_uart_0_avalon_jtag_slave_translator: "mm_interconnect_0" instantiated altera_merlin_slave_translator "jtag_uart_0_avalon_jtag_slave_translator"
Info: nios2_gen2_0_data_master_agent: "mm_interconnect_0" instantiated altera_merlin_master_agent "nios2_gen2_0_data_master_agent"
Info: jtag_uart_0_avalon_jtag_slave_agent: "mm_interconnect_0" instantiated altera_merlin_slave_agent "jtag_uart_0_avalon_jtag_slave_agent"
Info: jtag_uart_0_avalon_jtag_slave_agent_rsp_fifo: "mm_interconnect_0" instantiated altera_avalon_sc_fifo "jtag_uart_0_avalon_jtag_slave_agent_rsp_fifo"
Info: router: "mm_interconnect_0" instantiated altera_merlin_router "router"
Info: router_001: "mm_interconnect_0" instantiated altera_merlin_router "router_001"
Info: router_002: "mm_interconnect_0" instantiated altera_merlin_router "router_002"
Info: router_004: "mm_interconnect_0" instantiated altera_merlin_router "router_004"
Info: cmd_demux: "mm_interconnect_0" instantiated altera_merlin_demultiplexer "cmd_demux"
Info: cmd_demux_001: "mm_interconnect_0" instantiated altera_merlin_demultiplexer "cmd_demux_001"
Info: cmd_mux: "mm_interconnect_0" instantiated altera_merlin_multiplexer "cmd_mux"
Info: cmd_mux_002: "mm_interconnect_0" instantiated altera_merlin_multiplexer "cmd_mux_002"
Info: Reusing file C:/Users/kerry/repos/l2b-34-elur/DE1_SOC_D8M_RTL/nios2_system/synthesis/submodules/altera_merlin_arbitrator.sv
Info: rsp_demux: "mm_interconnect_0" instantiated altera_merlin_demultiplexer "rsp_demux"
Info: rsp_mux: "mm_interconnect_0" instantiated altera_merlin_multiplexer "rsp_mux"
Info: Reusing file C:/Users/kerry/repos/l2b-34-elur/DE1_SOC_D8M_RTL/nios2_system/synthesis/submodules/altera_merlin_arbitrator.sv
Info: rsp_mux_001: "mm_interconnect_0" instantiated altera_merlin_multiplexer "rsp_mux_001"
Info: Reusing file C:/Users/kerry/repos/l2b-34-elur/DE1_SOC_D8M_RTL/nios2_system/synthesis/submodules/altera_merlin_arbitrator.sv
Info: avalon_st_adapter: "mm_interconnect_0" instantiated altera_avalon_st_adapter "avalon_st_adapter"
Info: error_adapter_0: "avalon_st_adapter" instantiated error_adapter "error_adapter_0"
Info: nios2_system: Done "nios2_system" with 28 modules, 41 files
Info: qsys-generate succeeded.
Info: Finished: Create HDL design files for synthesis
